<?xml version="1.0" encoding="UTF-8"?>
<!-- Generated by org.testng.reporters.JUnitXMLReporter -->
<testsuite ignored="0" hostname="DESKTOP-8FNP6M4" failures="0" tests="4" name="Default test" time="10.149" errors="0" timestamp="2023-11-22T13:03:03 IST">
  <testcase classname="New_Maven.Maven_Projects.TstAnotation" name="browser" time="8.803"/>
  <testcase classname="New_Maven.Maven_Projects.TstAnotation" name="name" time="0.426"/>
  <testcase classname="New_Maven.Maven_Projects.TstAnotation" name="pass" time="0.434"/>
  <testcase classname="New_Maven.Maven_Projects.TstAnotation" name="click" time="0.268"/>
</testsuite> <!-- Default test -->
