<?xml version="1.0" encoding="UTF-8"?>
<testng-results ignored="0" total="4" passed="4" failed="0" skipped="0">
  <reporter-output>
  </reporter-output>
  <suite started-at="2023-11-22T13:02:53 IST" name="Default suite" finished-at="2023-11-22T13:03:03 IST" duration-ms="10149">
    <groups>
    </groups>
    <test started-at="2023-11-22T13:02:53 IST" name="Default test" finished-at="2023-11-22T13:03:03 IST" duration-ms="10149">
      <class name="New_Maven.Maven_Projects.TstAnotation">
        <test-method signature="browser()[pri:-1, instance:New_Maven.Maven_Projects.TstAnotation@644baf4a]" started-at="2023-11-22T13:02:53 IST" name="browser" finished-at="2023-11-22T13:03:02 IST" duration-ms="8803" status="PASS">
          <reporter-output>
          </reporter-output>
        </test-method> <!-- browser -->
        <test-method signature="name()[pri:0, instance:New_Maven.Maven_Projects.TstAnotation@644baf4a]" started-at="2023-11-22T13:03:02 IST" name="name" finished-at="2023-11-22T13:03:02 IST" duration-ms="426" status="PASS">
          <reporter-output>
          </reporter-output>
        </test-method> <!-- name -->
        <test-method signature="pass()[pri:1, instance:New_Maven.Maven_Projects.TstAnotation@644baf4a]" started-at="2023-11-22T13:03:02 IST" name="pass" finished-at="2023-11-22T13:03:03 IST" duration-ms="434" status="PASS">
          <reporter-output>
          </reporter-output>
        </test-method> <!-- pass -->
        <test-method signature="click()[pri:2, instance:New_Maven.Maven_Projects.TstAnotation@644baf4a]" started-at="2023-11-22T13:03:03 IST" name="click" finished-at="2023-11-22T13:03:03 IST" duration-ms="268" status="PASS">
          <reporter-output>
          </reporter-output>
        </test-method> <!-- click -->
      </class> <!-- New_Maven.Maven_Projects.TstAnotation -->
    </test> <!-- Default test -->
  </suite> <!-- Default suite -->
</testng-results>
